V  [jvm.dll+0x6703ea]
V  [jvm.dll+0x672bd2]
V  [jvm.dll+0x672aa2]
V  [jvm.dll+0x670d5e]
V  [jvm.dll+0x3beb4f]
V  [jvm.dll+0x20d76b]
V  [jvm.dll+0x5ae416]
V  [jvm.dll+0x21d24a]
V  [jvm.dll+0x820d9c]
V  [jvm.dll+0x821dc4]
V  [jvm.dll+0x822392]
V  [jvm.dll+0x822018]
V  [jvm.dll+0x470ac9]
V  [jvm.dll+0x43a749]
C  [java.dll+0xc982]

Java frames: (J=compiled Java code, j=interpreted, Vv=VM code)
J 4377  sun.nio.ch.SocketDispatcher.read0(Ljava/io/FileDescriptor;JI)I java.base@21.0.6 (0 bytes) @ 0x000001d8e9a7c932 [0x000001d8e9a7c8c0+0x0000000000000072]
j  sun.nio.ch.SocketDispatcher.read(Ljava/io/FileDescriptor;JI)I+4 java.base@21.0.6
j  sun.nio.ch.NioSocketImpl.tryRead(Ljava/io/FileDescriptor;[BII)I+45 java.base@21.0.6
j  sun.nio.ch.NioSocketImpl.timedRead(Ljava/io/FileDescriptor;[BIIJ)I+74 java.base@21.0.6
j  sun.nio.ch.NioSocketImpl.implRead([BII)I+95 java.base@21.0.6
j  sun.nio.ch.NioSocketImpl.read([BII)I+54 java.base@21.0.6
j  sun.nio.ch.NioSocketImpl$1.read([BII)I+7 java.base@21.0.6
j  java.net.Socket$SocketInputStream.read([BII)I+7 java.base@21.0.6
j  java.io.BufferedInputStream.fill()V+185 java.base@21.0.6
j  java.io.BufferedInputStream.implRead()I+12 java.base@21.0.6
j  java.io.BufferedInputStream.read()I+15 java.base@21.0.6
j  java.io.FilterInputStream.read()I+4 java.base@21.0.6
j  sun.rmi.transport.tcp.TCPTransport.handleMessages(Lsun/rmi/transport/Connection;Z)V+25 java.rmi@21.0.6
j  sun.rmi.transport.tcp.TCPTransport$ConnectionHandler.run0()V+522 java.rmi@21.0.6
j  sun.rmi.transport.tcp.TCPTransport$ConnectionHandler.lambda$run$0()Ljava/lang/Void;+1 java.rmi@21.0.6
j  sun.rmi.transport.tcp.TCPTransport$ConnectionHandler$$Lambda+0x000001d8810a1170.run()Ljava/lang/Object;+4 java.rmi@21.0.6
J 1206 c1 java.security.AccessController.executePrivileged(Ljava/security/PrivilegedAction;Ljava/security/AccessControlContext;Ljava/lang/Class;)Ljava/lang/Object; java.base@21.0.6 (65 bytes) @ 0x000001d8e956541c [0x000001d8e95653c0+0x000000000000005c]
j  java.security.AccessController.doPrivileged(Ljava/security/PrivilegedAction;Ljava/security/AccessControlContext;)Ljava/lang/Object;+13 java.base@21.0.6
j  sun.rmi.transport.tcp.TCPTransport$ConnectionHandler.run()V+37 java.rmi@21.0.6
j  java.util.concurrent.ThreadPoolExecutor.runWorker(Ljava/util/concurrent/ThreadPoolExecutor$Worker;)V+92 java.base@21.0.6
j  java.util.concurrent.ThreadPoolExecutor$Worker.run()V+5 java.base@21.0.6
j  java.lang.Thread.runWith(Ljava/lang/Object;Ljava/lang/Runnable;)V+5 java.base@21.0.6
j  java.lang.Thread.run()V+19 java.base@21.0.6
v  ~StubRoutines::call_stub 0x000001d8e90c10e7

Compiled method (n/a) 24865 4377     n 0       sun.nio.ch.SocketDispatcher::read0 (native)
 total in heap  [0x000001d8e9a7c710,0x000001d8e9a7cb10] = 1024
 relocation     [0x000001d8e9a7c870,0x000001d8e9a7c8a8] = 56
 main code      [0x000001d8e9a7c8c0,0x000001d8e9a7cb09] = 585
 stub code      [0x000001d8e9a7cb09,0x000001d8e9a7cb10] = 7

[Constant Pool (empty)]

[MachCode]
[Entry Point]
  # {method} {0x000001d8f439b8f0} 'read0' '(Ljava/io/FileDescriptor;JI)I' in 'sun/nio/ch/SocketDispatcher'
  # parm0:    rdx:rdx   = 'java/io/FileDescriptor'
  # parm1:    r8:r8     = long
  # parm2:    r9        = int
  #           [sp+0x80]  (sp of caller)
  0x000001d8e9a7c8c0: 448b 5208 | 49bb 0000 | 0080 d801 | 0000 4d03 | d349 3bc2 | 0f84 0600 

  0x000001d8e9a7c8d8: ;   {runtime_call ic_miss_stub}
  0x000001d8e9a7c8d8: 0000 e9a1 | 2069 ff90 
[Verified Entry Point]
  0x000001d8e9a7c8e0: 8984 2400 | 80ff ff55 | 488b ec48 | 83ec 7090 | 4181 7f20 | 0700 0000 

  0x000001d8e9a7c8f8: ;   {runtime_call StubRoutines (final stubs)}
  0x000001d8e9a7c8f8: 7405 e8c1 | 9367 ff4c | 894c 2420 | 4d8b c848 | 8954 2428 | 4883 fa00 | 4c8d 4424 | 284c 0f44 
  0x000001d8e9a7c918: ;   {oop(a 'java/lang/Class'{0x000000070381ca60} = 'sun/nio/ch/SocketDispatcher')}
  0x000001d8e9a7c918: 4424 2849 | be60 ca81 | 0307 0000 | 004c 8974 | 2458 4c8d | 7424 5849 | 8bd6 c5f8 

  0x000001d8e9a7c934: ;   {internal_word}
  0x000001d8e9a7c934: 7749 ba32 | c9a7 e9d8 | 0100 004d | 8997 a003 | 0000 4989 | a798 0300 

  0x000001d8e9a7c94c: ;   {external_word}
  0x000001d8e9a7c94c: 0049 ba35 | 5b84 6ffe | 7f00 0041 | 803a 000f | 844e 0000 | 0052 4150 

  0x000001d8e9a7c964: ;   {metadata({method} {0x000001d8f439b8f0} 'read0' '(Ljava/io/FileDescriptor;JI)I' in 'sun/nio/ch/SocketDispatcher')}
  0x000001d8e9a7c964: 4151 48ba | e8b8 39f4 | d801 0000 | 498b cf48 | 83ec 2040 | f6c4 0f0f | 8419 0000 | 0048 83ec 
  0x000001d8e9a7c984: ;   {runtime_call}
  0x000001d8e9a7c984: 0848 b8c0 | 4b2e 6ffe | 7f00 00ff | d048 83c4 | 08e9 0c00 

  0x000001d8e9a7c998: ;   {runtime_call}
  0x000001d8e9a7c998: 0000 48b8 | c04b 2e6f | fe7f 0000 | ffd0 4883 | c420 4159 | 4158 5a49 | 8d8f b803 | 0000 41c7 
  0x000001d8e9a7c9b8: 8744 0400 | 0004 0000 

  0x000001d8e9a7c9c0: ;   {runtime_call}
  0x000001d8e9a7c9c0: 0048 b8d8 | 41a3 c3fe | 7f00 00ff | d0c5 f877 | 41c7 8744 | 0400 0005 | 0000 00f0 | 8344 24c0 
  0x000001d8e9a7c9e0: 0049 3baf | 4804 0000 | 0f87 0e00 | 0000 4183 | bf40 0400 | 0000 0f84 | 2b00 0000 | c5f8 7748 
  0x000001d8e9a7ca00: 8945 f849 | 8bcf 4c8b | e448 83ec | 2048 83e4 

  0x000001d8e9a7ca10: ;   {runtime_call}
  0x000001d8e9a7ca10: f048 b860 | cff9 6efe | 7f00 00ff | d049 8be4 | 4d33 e448 | 8b45 f841 | c787 4404 | 0000 0800 
  0x000001d8e9a7ca30: 0000 4183 | bfc0 0400 | 0002 0f84 | 9c00 0000 

  0x000001d8e9a7ca40: ;   {external_word}
  0x000001d8e9a7ca40: 49ba 355b | 846f fe7f | 0000 4180 | 3a00 0f84 | 4c00 0000 | 4889 45f8 

  0x000001d8e9a7ca58: ;   {metadata({method} {0x000001d8f439b8f0} 'read0' '(Ljava/io/FileDescriptor;JI)I' in 'sun/nio/ch/SocketDispatcher')}
  0x000001d8e9a7ca58: 48ba e8b8 | 39f4 d801 | 0000 498b | cf48 83ec | 2040 f6c4 | 0f0f 8419 | 0000 0048 

  0x000001d8e9a7ca74: ;   {runtime_call}
  0x000001d8e9a7ca74: 83ec 0848 | b8c0 4b2e | 6ffe 7f00 | 00ff d048 | 83c4 08e9 | 0c00 0000 

  0x000001d8e9a7ca8c: ;   {runtime_call}
  0x000001d8e9a7ca8c: 48b8 c04b | 2e6f fe7f | 0000 ffd0 | 4883 c420 | 488b 45f8 | 49c7 8798 | 0300 0000 | 0000 0049 
  0x000001d8e9a7caac: c787 a003 | 0000 0000 | 0000 c5f8 | 7749 8b8f | 2804 0000 | c781 0001 | 0000 0000 | 0000 c949 
  0x000001d8e9a7cacc: 837f 0800 | 0f85 0100 

  0x000001d8e9a7cad4: ;   {runtime_call StubRoutines (initial stubs)}
  0x000001d8e9a7cad4: 0000 c3e9 | 2444 64ff | c5f8 7748 | 8945 f84c | 8be4 4883 | ec20 4883 

  0x000001d8e9a7caec: ;   {runtime_call}
  0x000001d8e9a7caec: e4f0 48b8 | a083 2e6f | fe7f 0000 | ffd0 498b | e44d 33e4 | 488b 45f8 | e937 ffff | fff4 f4f4 
  0x000001d8e9a7cb0c: f4f4 f4f4 
[/MachCode]


Compiled method (c1) 24871 1206       1       java.security.AccessController::executePrivileged (65 bytes)
 total in heap  [0x000001d8e9565210,0x000001d8e9565548] = 824
 relocation     [0x000001d8e9565370,0x000001d8e95653b8] = 72
 main code      [0x000001d8e95653c0,0x000001d8e9565478] = 184
 stub code      [0x000001d8e9565478,0x000001d8e95654d0] = 88
 metadata       [0x000001d8e95654d0,0x000001d8e95654d8] = 8
 scopes data    [0x000001d8e95654d8,0x000001d8e9565500] = 40
 scopes pcs     [0x000001d8e9565500,0x000001d8e9565540] = 64
 dependencies   [0x000001d8e9565540,0x000001d8e9565548] = 8

[Constant Pool (empty)]

[MachCode]
[Verified Entry Point]
  # {method} {0x000001d88046ce08} 'executePrivileged' '(Ljava/security/PrivilegedAction;Ljava/security/AccessControlContext;Ljava/lang/Class;)Ljava/lang/Object;' in 'java/security/AccessController'
  # parm0:    rdx:rdx   = 'java/security/PrivilegedAction'
  # parm1:    r8:r8     = 'java/security/AccessControlContext'
  # parm2:    r9:r9     = 'java/lang/Class'
  #           [sp+0x50]  (sp of caller)
  0x000001d8e95653c0: 8984 2400 | 80ff ff55 | 4883 ec40 | 4181 7f20 | 0600 0000 

  0x000001d8e95653d4: ;   {runtime_call StubRoutines (final stubs)}
  0x000001d8e95653d4: 7405 e8e5 | 08b9 ff4c | 8944 2430 | 4c89 4c24 | 284d 85c0 | 0f84 1b00 | 0000 4889 | 5424 2049 
  0x000001d8e95653f4: ;   {static_call}
  0x000001d8e95653f4: 8bd0 90e8 

  0x000001d8e95653f8: ; ImmutableOopMap {[32]=Oop [40]=Oop [48]=Oop }
                      ;*invokestatic ensureMaterializedForStackWalk {reexecute=0 rethrow=0 return_oop=0}
                      ; - java.security.AccessController::executePrivileged@5 (line 774)
  0x000001d8e95653f8: 9000 0000 

  0x000001d8e95653fc: ;   {other}
  0x000001d8e95653fc: 0f1f 8400 | ec01 0000 | 488b 5424 | 200f 1f40 | 0048 b8a0 | 423b f8d8 

  0x000001d8e9565414: ;   {virtual_call}
  0x000001d8e9565414: 0100 00e8 

  0x000001d8e9565418: ; ImmutableOopMap {[40]=Oop [48]=Oop }
                      ;*invokeinterface run {reexecute=0 rethrow=0 return_oop=0}
                      ; - java.security.AccessController::executePrivileged@29 (line 778)
  0x000001d8e9565418: 74b3 c7ff 

  0x000001d8e956541c: ;   {other}
  0x000001d8e956541c: 0f1f 8400 | 0c02 0001 | 4883 c440 

  0x000001d8e9565428: ;   {poll_return}
  0x000001d8e9565428: 5d49 3ba7 | 4804 0000 | 0f87 0100 

  0x000001d8e9565434: ;   {internal_word}
  0x000001d8e9565434: 0000 c349 | ba29 5456 | e9d8 0100 | 004d 8997 | 6004 0000 

  0x000001d8e9565448: ;   {runtime_call SafepointBlob}
  0x000001d8e9565448: e933 17bb | ff49 8b87 | f804 0000 | 49c7 87f8 | 0400 0000 | 0000 0049 | c787 0005 | 0000 0000 
  0x000001d8e9565468: 0000 4883 

  0x000001d8e956546c: ;   {runtime_call unwind_exception Runtime1 stub}
  0x000001d8e956546c: c440 5de9 | 8ce1 c6ff | f4f4 f4f4 
[Stub Code]
  0x000001d8e9565478: ;   {no_reloc}
  0x000001d8e9565478: 0f1f 4400 

  0x000001d8e956547c: ;   {static_stub}
  0x000001d8e956547c: 0048 bb00 | 0000 0000 

  0x000001d8e9565484: ;   {runtime_call nmethod}
  0x000001d8e9565484: 0000 00e9 | fbff ffff 

  0x000001d8e956548c: ;   {static_stub}
  0x000001d8e956548c: 48bb 28cc | 4680 d801 

  0x000001d8e9565494: ;   {runtime_call I2C/C2I adapters}
  0x000001d8e9565494: 0000 e9e8 

  0x000001d8e9565498: ;   {runtime_call handle_exception_from_callee Runtime1 stub}
  0x000001d8e9565498: e9ba ffe8 | 6022 c7ff 

  0x000001d8e95654a0: ;   {external_word}
  0x000001d8e95654a0: 48b9 907f | 5a6f fe7f | 0000 4883 

  0x000001d8e95654ac: ;   {runtime_call}
  0x000001d8e95654ac: e4f0 48b8 | f042 1d6f | fe7f 0000 

  0x000001d8e95654b8: ;   {section_word}
  0x000001d8e95654b8: ffd0 f449 | babb 5456 | e9d8 0100 

  0x000001d8e95654c4: ;   {runtime_call DeoptimizationBlob}
  0x000001d8e95654c4: 0041 52e9 | 542b bbff | f4f4 f4f4 
[/MachCode]


---------------  P R O C E S S  ---------------

Threads class SMR info:
_java_thread_list=0x000001d8fa68ae80, length=34, elements={
0x000001d8f3baf0b0, 0x000001d8f3bb0170, 0x000001d8f3bb2aa0, 0x000001d8f3bb37e0,
0x000001d8f3bbe340, 0x000001d8f3bbefb0, 0x000001d8f3bc3890, 0x000001d8f3ccf9e0,
0x000001d8f3d20d20, 0x000001d8f83a6db0, 0x000001d8f83bd280, 0x000001d8f83dfa80,
0x000001d8f8487650, 0x000001d8f849b150, 0x000001d8f86a76d0, 0x000001d8f86b7740,
0x000001d8f9802290, 0x000001d8f9802920, 0x000001d8f9801c00, 0x000001d8f9802fb0,
0x000001d8f9803640, 0x000001d8f9804360, 0x000001d8f9805080, 0x000001d8f8281010,
0x000001d8f8280980, 0x000001d8f827e220, 0x000001d8f827f5d0, 0x000001d8f827c150,
0x000001d8f827c7e0, 0x000001d8f827fc60, 0x000001d8f82816a0, 0x000001d8f827ce70,
0x000001d8f82802f0, 0x000001d8f82823c0
}

Java Threads: ( => current thread )
  0x000001d8f3baf0b0 JavaThread "Reference Handler"          daemon [_thread_blocked, id=30512, stack(0x0000003414b00000,0x0000003414c00000) (1024K)]
  0x000001d8f3bb0170 JavaThread "Finalizer"                  daemon [_thread_blocked, id=30520, stack(0x0000003414c00000,0x0000003414d00000) (1024K)]
  0x000001d8f3bb2aa0 JavaThread "Signal Dispatcher"          daemon [_thread_blocked, id=31012, stack(0x0000003414d00000,0x0000003414e00000) (1024K)]
  0x000001d8f3bb37e0 JavaThread "Attach Listener"            daemon [_thread_blocked, id=30504, stack(0x0000003414e00000,0x0000003414f00000) (1024K)]
  0x000001d8f3bbe340 JavaThread "Service Thread"             daemon [_thread_blocked, id=30524, stack(0x0000003414f00000,0x0000003415000000) (1024K)]
  0x000001d8f3bbefb0 JavaThread "Monitor Deflation Thread"   daemon [_thread_blocked, id=30516, stack(0x0000003415000000,0x0000003415100000) (1024K)]
  0x000001d8f3bc3890 JavaThread "C1 CompilerThread0"         daemon [_thread_blocked, id=30492, stack(0x0000003415100000,0x0000003415200000) (1024K)]
  0x000001d8f3ccf9e0 JavaThread "Common-Cleaner"             daemon [_thread_blocked, id=23624, stack(0x0000003415200000,0x0000003415300000) (1024K)]
  0x000001d8f3d20d20 JavaThread "Notification Thread"        daemon [_thread_blocked, id=30016, stack(0x0000003415400000,0x0000003415500000) (1024K)]
  0x000001d8f83a6db0 JavaThread "RMI TCP Accept-0"           daemon [_thread_in_native, id=18412, stack(0x0000003415700000,0x0000003415800000) (1024K)]
  0x000001d8f83bd280 JavaThread "RMI TCP Accept-57779"       daemon [_thread_in_native, id=30424, stack(0x0000003415800000,0x0000003415900000) (1024K)]
  0x000001d8f83dfa80 JavaThread "RMI TCP Accept-0"           daemon [_thread_in_native, id=15260, stack(0x0000003415900000,0x0000003415a00000) (1024K)]
=>0x000001d8f8487650 JavaThread "RMI TCP Connection(1)-127.0.0.1" daemon [_thread_in_vm, id=17668, stack(0x0000003415a00000,0x0000003415b00000) (1024K)]
  0x000001d8f849b150 JavaThread "RMI Scheduler(0)"           daemon [_thread_blocked, id=19636, stack(0x0000003416200000,0x0000003416300000) (1024K)]
  0x000001d8f86a76d0 JavaThread "RMI TCP Connection(2)-127.0.0.1" daemon [_thread_blocked, id=30660, stack(0x0000003416300000,0x0000003416400000) (1024K)]
  0x000001d8f86b7740 JavaThread "JMX server connection timeout 35" daemon [_thread_blocked, id=30108, stack(0x0000003416400000,0x0000003416500000) (1024K)]
  0x000001d8f9802290 JavaThread "Catalina-utility-1"                [_thread_blocked, id=30476, stack(0x0000003416500000,0x0000003416600000) (1024K)]
  0x000001d8f9802920 JavaThread "Catalina-utility-2"                [_thread_blocked, id=29636, stack(0x0000003416700000,0x0000003416800000) (1024K)]
  0x000001d8f9801c00 JavaThread "container-0"                       [_thread_blocked, id=31520, stack(0x0000003416800000,0x0000003416900000) (1024K)]
  0x000001d8f9802fb0 JavaThread "PostgreSQL-JDBC-Cleaner"    daemon [_thread_blocked, id=28884, stack(0x0000003416a00000,0x0000003416b00000) (1024K)]
  0x000001d8f9803640 JavaThread "HikariPool-1 housekeeper"   daemon [_thread_blocked, id=27680, stack(0x0000003416b00000,0x0000003416c00000) (1024K)]
  0x000001d8f9804360 JavaThread "http-nio-8080-exec-1"       daemon [_thread_blocked, id=31164, stack(0x0000003416d00000,0x0000003416e00000) (1024K)]
  0x000001d8f9805080 JavaThread "http-nio-8080-exec-2"       daemon [_thread_blocked, id=31648, stack(0x0000003416e00000,0x0000003416f00000) (1024K)]
  0x000001d8f8281010 JavaThread "http-nio-8080-exec-3"       daemon [_thread_blocked, id=27932, stack(0x0000003416f00000,0x0000003417000000) (1024K)]
  0x000001d8f8280980 JavaThread "http-nio-8080-exec-4"       daemon [_thread_blocked, id=29420, stack(0x0000003417000000,0x0000003417100000) (1024K)]
  0x000001d8f827e220 JavaThread "http-nio-8080-exec-5"       daemon [_thread_blocked, id=30324, stack(0x0000003417100000,0x0000003417200000) (1024K)]
  0x000001d8f827f5d0 JavaThread "http-nio-8080-exec-6"       daemon [_thread_blocked, id=26448, stack(0x0000003417200000,0x0000003417300000) (1024K)]
  0x000001d8f827c150 JavaThread "http-nio-8080-exec-7"       daemon [_thread_blocked, id=28504, stack(0x0000003417300000,0x0000003417400000) (1024K)]
  0x000001d8f827c7e0 JavaThread "http-nio-8080-exec-8"       daemon [_thread_blocked, id=28956, stack(0x0000003417400000,0x0000003417500000) (1024K)]
  0x000001d8f827fc60 JavaThread "http-nio-8080-exec-9"       daemon [_thread_blocked, id=12704, stack(0x0000003417500000,0x0000003417600000) (1024K)]
  0x000001d8f82816a0 JavaThread "http-nio-8080-exec-10"      daemon [_thread_blocked, id=30048, stack(0x0000003417600000,0x0000003417700000) (1024K)]
  0x000001d8f827ce70 JavaThread "http-nio-8080-Poller"       daemon [_thread_in_native, id=31048, stack(0x0000003417700000,0x0000003417800000) (1024K)]
  0x000001d8f82802f0 JavaThread "http-nio-8080-Acceptor"     daemon [_thread_in_native, id=30076, stack(0x0000003417800000,0x0000003417900000) (1024K)]
  0x000001d8f82823c0 JavaThread "DestroyJavaVM"                     [_thread_blocked, id=29776, stack(0x0000003414300000,0x0000003414400000) (1024K)]
Total: 34

Other Threads:
  0x000001d8f3b8ffe0 VMThread "VM Thread"                           [id=30496, stack(0x0000003414a00000,0x0000003414b00000) (1024K)]
  0x000001d8f3b818a0 WatcherThread "VM Periodic Task Thread"        [id=30440, stack(0x0000003414900000,0x0000003414a00000) (1024K)]
  0x000001d8e57a42a0 WorkerThread "GC Thread#0"                     [id=29212, stack(0x0000003414400000,0x0000003414500000) (1024K)]
  0x000001d8f8487cb0 WorkerThread "GC Thread#1"                     [id=30060, stack(0x0000003415b00000,0x0000003415c00000) (1024K)]
  0x000001d8f8488050 WorkerThread "GC Thread#2"                     [id=29944, stack(0x0000003415c00000,0x0000003415d00000) (1024K)]
  0x000001d8f84883f0 WorkerThread "GC Thread#3"                     [id=22596, stack(0x0000003415d00000,0x0000003415e00000) (1024K)]
  0x000001d8f848cf30 WorkerThread "GC Thread#4"                     [id=24240, stack(0x0000003415e00000,0x0000003415f00000) (1024K)]
  0x000001d8f848dae0 WorkerThread "GC Thread#5"                     [id=11668, stack(0x0000003415f00000,0x0000003416000000) (1024K)]
  0x000001d8f84cfb00 WorkerThread "GC Thread#6"                     [id=14804, stack(0x0000003416000000,0x0000003416100000) (1024K)]
  0x000001d8f84d02b0 WorkerThread "GC Thread#7"                     [id=30356, stack(0x0000003416100000,0x0000003416200000) (1024K)]
  0x000001d8e57b5860 ConcurrentGCThread "G1 Main Marker"            [id=26756, stack(0x0000003414500000,0x0000003414600000) (1024K)]
  0x000001d8e57b6970 WorkerThread "G1 Conc#0"                       [id=26312, stack(0x0000003414600000,0x0000003414700000) (1024K)]
  0x000001d8f8e53ea0 WorkerThread "G1 Conc#1"                       [id=30780, stack(0x0000003416600000,0x0000003416700000) (1024K)]
  0x000001d8f3a54a00 ConcurrentGCThread "G1 Refine#0"               [id=18684, stack(0x0000003414700000,0x0000003414800000) (1024K)]
  0x000001d8f3a55380 ConcurrentGCThread "G1 Service"                [id=24176, stack(0x0000003414800000,0x0000003414900000) (1024K)]
Total: 15

Threads with active compile tasks:
Total: 0

VM state: not at safepoint (normal execution)

VM Mutex/Monitor currently owned by a thread:  ([mutex/lock_event])
[0x00007ffe6f85c300] Metaspace_lock - owner thread: 0x000001d8f8487650

Heap address: 0x0000000703600000, size: 4042 MB, Compressed Oops mode: Zero based, Oop shift amount: 3

CDS archive(s) mapped at: [0x000001d880000000-0x000001d880c80000-0x000001d880c80000), size 13107200, SharedBaseAddress: 0x000001d880000000, ArchiveRelocationMode: 1.
Compressed class space mapped at: 0x000001d881000000-0x000001d8c1000000, reserved size: 1073741824
Narrow klass base: 0x000001d880000000, Narrow klass shift: 0, Narrow klass range: 0x100000000

GC Precious Log:
 CardTable entry size: 512
 Card Set container configuration: InlinePtr #cards 4 size 8 Array Of Cards #cards 16 size 48 Howl #buckets 8 coarsen threshold 3686 Howl Bitmap #cards 512 size 80 coarsen threshold 460 Card regions per heap region 1 cards per card region 4096
 CPUs: 8 total, 8 available
 Memory: 16163M
 Large Page Support: Disabled
 NUMA Support: Disabled
 Compressed Oops: Enabled (Zero based)
 Heap Region Size: 2M
 Heap Min Capacity: 8M
 Heap Initial Capacity: 254M
 Heap Max Capacity: 4042M
 Pre-touch: Disabled
 Parallel Workers: 8
 Concurrent Workers: 2
 Concurrent Refinement Workers: 8
 Periodic GC: Disabled

Heap:
 garbage-first heap   total 69632K, used 53407K [0x0000000703600000, 0x0000000800000000)
  region size 2048K, 16 young (32768K), 2 survivors (4096K)
 Metaspace       used 62339K, committed 62976K, reserved 1114112K
  class space    used 8890K, committed 9152K, reserved 1048576K

Heap Regions: E=young(eden), S=young(survivor), O=old, HS=humongous(starts), HC=humongous(continues), CS=collection set, F=free, TAMS=top-at-mark-start, PB=parsable bottom
|   0|0x0000000703600000, 0x0000000703800000, 0x0000000703800000|100%| O|  |TAMS 0x0000000703600000| PB 0x0000000703600000| Untracked 
|   1|0x0000000703800000, 0x0000000703a00000, 0x0000000703a00000|100%| O|  |TAMS 0x0000000703800000| PB 0x0000000703800000| Untracked 
|   2|0x0000000703a00000, 0x0000000703c00000, 0x0000000703c00000|100%| O|  |TAMS 0x0000000703a00000| PB 0x0000000703a00000| Untracked 
|   3|0x0000000703c00000, 0x0000000703e00000, 0x0000000703e00000|100%| O|  |TAMS 0x0000000703c00000| PB 0x0000000703c00000| Untracked 
|   4|0x0000000703e00000, 0x0000000704000000, 0x0000000704000000|100%| O|  |TAMS 0x0000000703e00000| PB 0x0000000703e00000| Untracked 
|   5|0x0000000704000000, 0x0000000704200000, 0x0000000704200000|100%| O|  |TAMS 0x0000000704000000| PB 0x0000000704000000| Untracked 
|   6|0x0000000704200000, 0x0000000704400000, 0x0000000704400000|100%| O|  |TAMS 0x0000000704200000| PB 0x0000000704200000| Untracked 
|   7|0x0000000704400000, 0x0000000704600000, 0x0000000704600000|100%| O|  |TAMS 0x0000000704400000| PB 0x0000000704400000| Untracked 
|   8|0x0000000704600000, 0x0000000704800000, 0x0000000704800000|100%| O|  |TAMS 0x0000000704600000| PB 0x0000000704600000| Untracked 
|   9|0x0000000704800000, 0x0000000704a00000, 0x0000000704a00000|100%| O|  |TAMS 0x0000000704800000| PB 0x0000000704800000| Untracked 
|  10|0x0000000704a00000, 0x0000000704c00000, 0x0000000704c00000|100%| O|Cm|TAMS 0x0000000704a00000| PB 0x0000000704a00000| Complete 
|  11|0x0000000704c00000, 0x0000000704cb7198, 0x0000000704e00000| 35%| O|  |TAMS 0x0000000704c00000| PB 0x0000000704c00000| Untracked 
|  12|0x0000000704e00000, 0x0000000704e00000, 0x0000000705000000|  0%| F|  |TAMS 0x0000000704e00000| PB 0x0000000704e00000| Untracked 
|  13|0x0000000705000000, 0x0000000705000000, 0x0000000705200000|  0%| F|  |TAMS 0x0000000705000000| PB 0x0000000705000000| Untracked 
|  14|0x0000000705200000, 0x0000000705200000, 0x0000000705400000|  0%| F|  |TAMS 0x0000000705200000| PB 0x0000000705200000| Untracked 
|  15|0x0000000705400000, 0x0000000705400000, 0x0000000705600000|  0%| F|  |TAMS 0x0000000705400000| PB 0x0000000705400000| Untracked 
|  16|0x0000000705600000, 0x0000000705600000, 0x0000000705800000|  0%| F|  |TAMS 0x0000000705600000| PB 0x0000000705600000| Untracked 
|  17|0x0000000705800000, 0x0000000705800000, 0x0000000705a00000|  0%| F|  |TAMS 0x0000000705800000| PB 0x0000000705800000| Untracked 
|  18|0x0000000705a00000, 0x0000000705b9b590, 0x0000000705c00000| 80%| E|  |TAMS 0x0000000705a00000| PB 0x0000000705a00000| Complete 
|  19|0x0000000705c00000, 0x0000000705e00000, 0x0000000705e00000|100%| E|CS|TAMS 0x0000000705c00000| PB 0x0000000705c00000| Complete 
|  20|0x0000000705e00000, 0x0000000706000000, 0x0000000706000000|100%| E|CS|TAMS 0x0000000705e00000| PB 0x0000000705e00000| Complete 
|  21|0x0000000706000000, 0x0000000706200000, 0x0000000706200000|100%| E|CS|TAMS 0x0000000706000000| PB 0x0000000706000000| Complete 
|  22|0x0000000706200000, 0x0000000706400000, 0x0000000706400000|100%| E|CS|TAMS 0x0000000706200000| PB 0x0000000706200000| Complete 
|  23|0x0000000706400000, 0x0000000706600000, 0x0000000706600000|100%| E|CS|TAMS 0x0000000706400000| PB 0x0000000706400000| Complete 
|  24|0x0000000706600000, 0x0000000706800000, 0x0000000706800000|100%| E|CS|TAMS 0x0000000706600000| PB 0x0000000706600000| Complete 
|  25|0x0000000706800000, 0x0000000706a00000, 0x0000000706a00000|100%| E|CS|TAMS 0x0000000706800000| PB 0x0000000706800000| Complete 
|  26|0x0000000706a00000, 0x0000000706b70c80, 0x0000000706c00000| 72%| S|CS|TAMS 0x0000000706a00000| PB 0x0000000706a00000| Complete 
|  27|0x0000000706c00000, 0x0000000706e00000, 0x0000000706e00000|100%| S|CS|TAMS 0x0000000706c00000| PB 0x0000000706c00000| Complete 
|  28|0x0000000706e00000, 0x0000000707000000, 0x0000000707000000|100%| E|CS|TAMS 0x0000000706e00000| PB 0x0000000706e00000| Complete 
|  29|0x0000000707000000, 0x0000000707200000, 0x0000000707200000|100%| E|CS|TAMS 0x0000000707000000| PB 0x0000000707000000| Complete 
|  58|0x000000070aa00000, 0x000000070ac00000, 0x000000070ac00000|100%| E|CS|TAMS 0x000000070aa00000| PB 0x000000070aa00000| Complete 
|  59|0x000000070ac00000, 0x000000070ae00000, 0x000000070ae00000|100%| E|CS|TAMS 0x000000070ac00000| PB 0x000000070ac00000| Complete 
|  60|0x000000070ae00000, 0x000000070b000000, 0x000000070b000000|100%| E|CS|TAMS 0x000000070ae00000| PB 0x000000070ae00000| Complete 
| 126|0x0000000713200000, 0x0000000713400000, 0x0000000713400000|100%| E|CS|TAMS 0x0000000713200000| PB 0x0000000713200000| Complete 

Card table byte_map: [0x000001d8ec9c0000,0x000001d8ed1b0000] _byte_map_base: 0x000001d8e91a5000

Marking Bits: (CMBitMap*) 0x000001d8e57a49a0
 Bits: [0x000001d8ed1b0000, 0x000001d8f10d8000)

Polling page: 0x000001d8e4ef0000

Metaspace:

Usage:
  Non-class:     52.20 MB used.
      Class:      8.68 MB used.
       Both:     60.88 MB used.

Virtual space:
  Non-class space:       64.00 MB reserved,      52.56 MB ( 82%) committed,  1 nodes.
      Class space:        1.00 GB reserved,       8.94 MB ( <1%) committed,  1 nodes.
             Both:        1.06 GB reserved,      61.50 MB (  6%) committed. 

Chunk freelists:
   Non-Class:  10.66 MB
       Class:  7.00 MB
        Both:  17.66 MB

MaxMetaspaceSize: unlimited
CompressedClassSpaceSize: 1.00 GB
Initial GC threshold: 21.00 MB
Current GC threshold: 98.75 MB
CDS: on
 - commit_granule_bytes: 65536.
 - commit_granule_words: 8192.
 - virtual_space_node_default_size: 8388608.
 - enlarge_chunks_in_place: 1.
 - use_allocation_guard: 0.


Internal statistics:

num_allocs_failed_limit: 9.
num_arena_births: 958.
num_arena_deaths: 0.
num_vsnodes_births: 2.
num_vsnodes_deaths: 0.
num_space_committed: 984.
num_space_uncommitted: 0.
num_chunks_returned_to_freelist: 9.
num_chunks_taken_from_freelist: 3116.
num_chunk_merges: 9.
num_chunk_splits: 2291.
num_chunks_enlarged: 1818.
num_inconsistent_stats: 0.

CodeCache: size=49152Kb used=9898Kb max_used=11587Kb free=39253Kb
 bounds [0x000001d8e90c0000, 0x000001d8e9c20000, 0x000001d8ec0c0000]
 total_blobs=5998 nmethods=5330 adapters=591
 compilation: enabled
              stopped_count=0, restarted_count=0
 full_count=0

Compilation events (20 events):
Event: 5.846 Thread 0x000001d8f81a6380 5400       1       org.springframework.boot.autoconfigure.condition.ConditionEvaluationReport$$Lambda/0x000001d8818fedb8::accept (20 bytes)
Event: 5.846 Thread 0x000001d8f3cd1050 5401       1       org.springframework.boot.autoconfigure.condition.ConditionEvaluationReport::lambda$addNoMatchOutcomeToAncestors$2 (41 bytes)
Event: 5.847 Thread 0x000001d8f81a6380 nmethod 5400 0x000001d8e9c0c090 code [0x000001d8e9c0c240, 0x000001d8e9c0c3b0]
Event: 5.847 Thread 0x000001d8f3cd1050 nmethod 5401 0x000001d8e9c0c490 code [0x000001d8e9c0c6a0, 0x000001d8e9c0cc48]
Event: 5.849 Thread 0x000001d8f3cd1050 5402       1       org.springframework.boot.autoconfigure.condition.ConditionEvaluationReport$ConditionAndOutcome::getOutcome (5 bytes)
Event: 5.850 Thread 0x000001d8f3cd1050 nmethod 5402 0x000001d8e9c0cf10 code [0x000001d8e9c0d0a0, 0x000001d8e9c0d170]
Event: 5.850 Thread 0x000001d8f81c6a30 5403       1       java.util.TreeMap::forEach (58 bytes)
Event: 5.851 Thread 0x000001d8f81c6a30 nmethod 5403 0x000001d8e9c0d210 code [0x000001d8e9c0d400, 0x000001d8e9c0d708]
Event: 5.851 Thread 0x000001d8f3cd1050 5404       1       org.springframework.boot.autoconfigure.condition.ConditionEvaluationReport$$Lambda/0x000001d8818feb90::accept (16 bytes)
Event: 5.851 Thread 0x000001d8f81a6380 5405       1       org.springframework.boot.autoconfigure.condition.ConditionEvaluationReport::lambda$getConditionAndOutcomesBySource$1 (13 bytes)
Event: 5.851 Thread 0x000001d8f3bc3890 5406       1       org.springframework.boot.autoconfigure.condition.ConditionEvaluationReport$ConditionAndOutcomes::isFullMatch (41 bytes)
Event: 5.851 Thread 0x000001d8f81c6a30 5407       1       org.springframework.boot.autoconfigure.condition.ConditionEvaluationReport$ConditionAndOutcomes::iterator (13 bytes)
Event: 5.851 Thread 0x000001d8f81c6a30 nmethod 5407 0x000001d8e9c0d910 code [0x000001d8e9c0dae0, 0x000001d8e9c0dda0]
Event: 5.852 Thread 0x000001d8f3bc3890 nmethod 5406 0x000001d8e9c0df10 code [0x000001d8e9c0e120, 0x000001d8e9c0e508]
Event: 5.852 Thread 0x000001d8f81a6380 nmethod 5405 0x000001d8e9c0e710 code [0x000001d8e9c0e980, 0x000001d8e9c0efd8]
Event: 5.852 Thread 0x000001d8f3cd1050 nmethod 5404 0x000001d8e9c0f490 code [0x000001d8e9c0f720, 0x000001d8e9c0fe00]
Event: 5.940 Thread 0x000001d8f3bc3890 5408       1       java.io.ObjectInputStream$BlockDataInputStream::setBlockDataMode (74 bytes)
Event: 5.940 Thread 0x000001d8f3bc3890 nmethod 5408 0x000001d8e9c10910 code [0x000001d8e9c10ac0, 0x000001d8e9c10ca8]
Event: 20.846 Thread 0x000001d8f3bc3890 5409       1       java.util.concurrent.TimeUnit::toNanos (45 bytes)
Event: 20.846 Thread 0x000001d8f3bc3890 nmethod 5409 0x000001d8e929e490 code [0x000001d8e929e640, 0x000001d8e929e7d8]

GC Heap History (20 events):
Event: 1.026 GC heap before
{Heap before GC invocations=1 (full 0):
 garbage-first heap   total 260096K, used 34235K [0x0000000703600000, 0x0000000800000000)
  region size 2048K, 15 young (30720K), 2 survivors (4096K)
 Metaspace       used 12515K, committed 12928K, reserved 1114112K
  class space    used 1668K, committed 1856K, reserved 1048576K
}
Event: 1.031 GC heap after
{Heap after GC invocations=2 (full 0):
 garbage-first heap   total 260096K, used 9724K [0x0000000703600000, 0x0000000800000000)
  region size 2048K, 2 young (4096K), 2 survivors (4096K)
 Metaspace       used 12515K, committed 12928K, reserved 1114112K
  class space    used 1668K, committed 1856K, reserved 1048576K
}
Event: 1.451 GC heap before
{Heap before GC invocations=2 (full 0):
 garbage-first heap   total 260096K, used 50684K [0x0000000703600000, 0x0000000800000000)
  region size 2048K, 24 young (49152K), 2 survivors (4096K)
 Metaspace       used 21214K, committed 21504K, reserved 1114112K
  class space    used 2814K, committed 2944K, reserved 1048576K
}
Event: 1.456 GC heap after
{Heap after GC invocations=3 (full 0):
 garbage-first heap   total 260096K, used 12788K [0x0000000703600000, 0x0000000800000000)
  region size 2048K, 3 young (6144K), 3 survivors (6144K)
 Metaspace       used 21214K, committed 21504K, reserved 1114112K
  class space    used 2814K, committed 2944K, reserved 1048576K
}
Event: 1.683 GC heap before
{Heap before GC invocations=4 (full 0):
 garbage-first heap   total 49152K, used 35316K [0x0000000703600000, 0x0000000800000000)
  region size 2048K, 14 young (28672K), 3 survivors (6144K)
 Metaspace       used 23368K, committed 23808K, reserved 1114112K
  class space    used 3150K, committed 3328K, reserved 1048576K
}
Event: 1.689 GC heap after
{Heap after GC invocations=5 (full 0):
 garbage-first heap   total 49152K, used 14722K [0x0000000703600000, 0x0000000800000000)
  region size 2048K, 2 young (4096K), 2 survivors (4096K)
 Metaspace       used 23368K, committed 23808K, reserved 1114112K
  class space    used 3150K, committed 3328K, reserved 1048576K
}
Event: 2.037 GC heap before
{Heap before GC invocations=5 (full 0):
 garbage-first heap   total 49152K, used 33154K [0x0000000703600000, 0x0000000800000000)
  region size 2048K, 11 young (22528K), 2 survivors (4096K)
 Metaspace       used 26067K, committed 26496K, reserved 1114112K
  class space    used 3557K, committed 3776K, reserved 1048576K
}
Event: 2.042 GC heap after
{Heap after GC invocations=6 (full 0):
 garbage-first heap   total 49152K, used 15946K [0x0000000703600000, 0x0000000800000000)
  region size 2048K, 1 young (2048K), 1 survivors (2048K)
 Metaspace       used 26067K, committed 26496K, reserved 1114112K
  class space    used 3557K, committed 3776K, reserved 1048576K
}
Event: 2.409 GC heap before
{Heap before GC invocations=6 (full 0):
 garbage-first heap   total 49152K, used 36426K [0x0000000703600000, 0x0000000800000000)
  region size 2048K, 11 young (22528K), 1 survivors (2048K)
 Metaspace       used 29660K, committed 30144K, reserved 1114112K
  class space    used 4110K, committed 4352K, reserved 1048576K
}
Event: 2.415 GC heap after
{Heap after GC invocations=7 (full 0):
 garbage-first heap   total 155648K, used 17915K [0x0000000703600000, 0x0000000800000000)
  region size 2048K, 2 young (4096K), 2 survivors (4096K)
 Metaspace       used 29660K, committed 30144K, reserved 1114112K
  class space    used 4110K, committed 4352K, reserved 1048576K
}
Event: 2.982 GC heap before
{Heap before GC invocations=7 (full 0):
 garbage-first heap   total 155648K, used 44539K [0x0000000703600000, 0x0000000800000000)
  region size 2048K, 17 young (34816K), 2 survivors (4096K)
 Metaspace       used 35602K, committed 36160K, reserved 1114112K
  class space    used 4907K, committed 5184K, reserved 1048576K
}
Event: 2.986 GC heap after
{Heap after GC invocations=8 (full 0):
 garbage-first heap   total 155648K, used 20112K [0x0000000703600000, 0x0000000800000000)
  region size 2048K, 3 young (6144K), 3 survivors (6144K)
 Metaspace       used 35602K, committed 36160K, reserved 1114112K
  class space    used 4907K, committed 5184K, reserved 1048576K
}
Event: 3.868 GC heap before
{Heap before GC invocations=9 (full 0):
 garbage-first heap   total 69632K, used 54928K [0x0000000703600000, 0x0000000800000000)
  region size 2048K, 20 young (40960K), 3 survivors (6144K)
 Metaspace       used 44119K, committed 44736K, reserved 1114112K
  class space    used 6069K, committed 6400K, reserved 1048576K
}
Event: 3.873 GC heap after
{Heap after GC invocations=10 (full 0):
 garbage-first heap   total 69632K, used 21893K [0x0000000703600000, 0x0000000800000000)
  region size 2048K, 3 young (6144K), 3 survivors (6144K)
 Metaspace       used 44119K, committed 44736K, reserved 1114112K
  class space    used 6069K, committed 6400K, reserved 1048576K
}
Event: 4.522 GC heap before
{Heap before GC invocations=10 (full 0):
 garbage-first heap   total 69632K, used 54661K [0x0000000703600000, 0x0000000800000000)
  region size 2048K, 19 young (38912K), 3 survivors (6144K)
 Metaspace       used 52522K, committed 53184K, reserved 1114112K
  class space    used 7421K, committed 7744K, reserved 1048576K
}
Event: 4.527 GC heap after
{Heap after GC invocations=11 (full 0):
 garbage-first heap   total 69632K, used 23344K [0x0000000703600000, 0x0000000800000000)
  region size 2048K, 2 young (4096K), 2 survivors (4096K)
 Metaspace       used 52522K, committed 53184K, reserved 1114112K
  class space    used 7421K, committed 7744K, reserved 1048576K
}
Event: 5.082 GC heap before
{Heap before GC invocations=11 (full 0):
 garbage-first heap   total 69632K, used 58160K [0x0000000703600000, 0x0000000800000000)
  region size 2048K, 19 young (38912K), 2 survivors (4096K)
 Metaspace       used 58255K, committed 58944K, reserved 1114112K
  class space    used 8214K, committed 8512K, reserved 1048576K
}
Event: 5.086 GC heap after
{Heap after GC invocations=12 (full 0):
 garbage-first heap   total 69632K, used 25744K [0x0000000703600000, 0x0000000800000000)
  region size 2048K, 3 young (6144K), 3 survivors (6144K)
 Metaspace       used 58255K, committed 58944K, reserved 1114112K
  class space    used 8214K, committed 8512K, reserved 1048576K
}
Event: 5.300 GC heap before
{Heap before GC invocations=12 (full 0):
 garbage-first heap   total 69632K, used 35984K [0x0000000703600000, 0x0000000800000000)
  region size 2048K, 9 young (18432K), 3 survivors (6144K)
 Metaspace       used 59950K, committed 60608K, reserved 1114112K
  class space    used 8461K, committed 8768K, reserved 1048576K
}
Event: 5.305 GC heap after
{Heap after GC invocations=13 (full 0):
 garbage-first heap   total 69632K, used 26783K [0x0000000703600000, 0x0000000800000000)
  region size 2048K, 2 young (4096K), 2 survivors (4096K)
 Metaspace       used 59950K, committed 60608K, reserved 1114112K
  class space    used 8461K, committed 8768K, reserved 1048576K
}

Dll operation events (11 events):
Event: 0.009 Loaded shared library C:\Users\ACER\Downloads\spring-tool-suite-4-4.29.1.RELEASE-e4.35.0-win32.win32.x86_64\sts-4.29.1.RELEASE\plugins\org.eclipse.justj.openjdk.hotspot.jre.full.win32.x86_64_21.0.6.v20250130-0529\jre\bin\java.dll
Event: 0.039 Loaded shared library C:\Users\ACER\Downloads\spring-tool-suite-4-4.29.1.RELEASE-e4.35.0-win32.win32.x86_64\sts-4.29.1.RELEASE\plugins\org.eclipse.justj.openjdk.hotspot.jre.full.win32.x86_64_21.0.6.v20250130-0529\jre\bin\zip.dll
Event: 0.135 Loaded shared library C:\Users\ACER\Downloads\spring-tool-suite-4-4.29.1.RELEASE-e4.35.0-win32.win32.x86_64\sts-4.29.1.RELEASE\plugins\org.eclipse.justj.openjdk.hotspot.jre.full.win32.x86_64_21.0.6.v20250130-0529\jre\bin\jimage.dll
Event: 0.144 Loaded shared library C:\Users\ACER\Downloads\spring-tool-suite-4-4.29.1.RELEASE-e4.35.0-win32.win32.x86_64\sts-4.29.1.RELEASE\plugins\org.eclipse.justj.openjdk.hotspot.jre.full.win32.x86_64_21.0.6.v20250130-0529\jre\bin\net.dll
Event: 0.146 Loaded shared library C:\Users\ACER\Downloads\spring-tool-suite-4-4.29.1.RELEASE-e4.35.0-win32.win32.x86_64\sts-4.29.1.RELEASE\plugins\org.eclipse.justj.openjdk.hotspot.jre.full.win32.x86_64_21.0.6.v20250130-0529\jre\bin\nio.dll
Event: 0.150 Loaded shared library C:\Users\ACER\Downloads\spring-tool-suite-4-4.29.1.RELEASE-e4.35.0-win32.win32.x86_64\sts-4.29.1.RELEASE\plugins\org.eclipse.justj.openjdk.hotspot.jre.full.win32.x86_64_21.0.6.v20250130-0529\jre\bin\zip.dll
Event: 0.219 Loaded shared library C:\Users\ACER\Downloads\spring-tool-suite-4-4.29.1.RELEASE-e4.35.0-win32.win32.x86_64\sts-4.29.1.RELEASE\plugins\org.eclipse.justj.openjdk.hotspot.jre.full.win32.x86_64_21.0.6.v20250130-0529\jre\bin\management.dll
Event: 0.234 Loaded shared library C:\Users\ACER\Downloads\spring-tool-suite-4-4.29.1.RELEASE-e4.35.0-win32.win32.x86_64\sts-4.29.1.RELEASE\plugins\org.eclipse.justj.openjdk.hotspot.jre.full.win32.x86_64_21.0.6.v20250130-0529\jre\bin\management_ext.dll
Event: 0.463 Loaded shared library C:\Users\ACER\Downloads\spring-tool-suite-4-4.29.1.RELEASE-e4.35.0-win32.win32.x86_64\sts-4.29.1.RELEASE\plugins\org.eclipse.justj.openjdk.hotspot.jre.full.win32.x86_64_21.0.6.v20250130-0529\jre\bin\extnet.dll
Event: 1.537 Loaded shared library C:\Users\ACER\Downloads\spring-tool-suite-4-4.29.1.RELEASE-e4.35.0-win32.win32.x86_64\sts-4.29.1.RELEASE\plugins\org.eclipse.justj.openjdk.hotspot.jre.full.win32.x86_64_21.0.6.v20250130-0529\jre\bin\sunmscapi.dll
Event: 3.011 Loaded shared library C:\Users\ACER\Downloads\spring-tool-suite-4-4.29.1.RELEASE-e4.35.0-win32.win32.x86_64\sts-4.29.1.RELEASE\plugins\org.eclipse.justj.openjdk.hotspot.jre.full.win32.x86_64_21.0.6.v20250130-0529\jre\bin\verify.dll

Deoptimization events (6 events):
Event: 4.893 Thread 0x000001d8e33ab5f0 DEOPT PACKING pc=0x000001d8e974d1bc sp=0x00000034143fc350
Event: 4.893 Thread 0x000001d8e33ab5f0 DEOPT UNPACKING pc=0x000001d8e91188e2 sp=0x00000034143fb8a8 mode 0
Event: 4.956 Thread 0x000001d8e33ab5f0 DEOPT PACKING pc=0x000001d8e976aae9 sp=0x00000034143fc670
Event: 4.956 Thread 0x000001d8e33ab5f0 DEOPT UNPACKING pc=0x000001d8e91188e2 sp=0x00000034143fbb78 mode 3
Event: 5.396 Thread 0x000001d8e33ab5f0 DEOPT PACKING pc=0x000001d8e974622a sp=0x00000034143f8790
Event: 5.396 Thread 0x000001d8e33ab5f0 DEOPT UNPACKING pc=0x000001d8e91188e2 sp=0x00000034143f7cd8 mode 3

Classes loaded (20 events):
Event: 5.838 Loading class sun/nio/ch/SourceChannelImpl done
Event: 5.838 Loading class sun/nio/ch/SinkChannelImpl
Event: 5.838 Loading class java/nio/channels/Pipe$SinkChannel
Event: 5.838 Loading class java/nio/channels/Pipe$SinkChannel done
Event: 5.838 Loading class sun/nio/ch/SinkChannelImpl done
Event: 5.840 Loading class java/nio/channels/spi/AbstractSelector$1
Event: 5.840 Loading class java/nio/channels/spi/AbstractSelector$1 done
Event: 5.842 Loading class java/util/TreeMap$ValueSpliterator
Event: 5.842 Loading class java/util/TreeMap$TreeMapSpliterator
Event: 5.842 Loading class java/util/TreeMap$TreeMapSpliterator done
Event: 5.842 Loading class java/util/TreeMap$ValueSpliterator done
Event: 5.856 Loading class java/util/IdentityHashMap$KeySpliterator
Event: 5.856 Loading class java/util/IdentityHashMap$IdentityHashMapSpliterator
Event: 5.856 Loading class java/util/IdentityHashMap$IdentityHashMapSpliterator done
Event: 5.856 Loading class java/util/IdentityHashMap$KeySpliterator done
Event: 5.940 Loading class sun/reflect/misc/MethodUtil
Event: 5.941 Loading class sun/reflect/misc/MethodUtil done
Event: 5.941 Loading class sun/reflect/misc/MethodUtil$1
Event: 5.941 Loading class sun/reflect/misc/MethodUtil$1 done
Event: 24.851 Loading class sun/net/ConnectionResetException

Classes unloaded (0 events):
No events

Classes redefined (0 events):
No events

Internal exceptions (20 events):
Event: 4.580 Thread 0x000001d8e33ab5f0 Exception <a 'java/lang/NoSuchMethodError'{0x000000070aedff80}: 'java.lang.Object java.lang.invoke.DirectMethodHandle$Holder.newInvokeSpecial(java.lang.Object, java.lang.Object, java.lang.Object, java.lang.Object, java.lang.Object, java.lang.Object)'> (0x000000070aedff80) 
thrown [s\src\hotspot\share\interpreter\linkResolver.cpp, line 773]
Event: 4.590 Thread 0x000001d8e33ab5f0 Exception <a 'java/lang/NoSuchMethodError'{0x000000070af4d978}: 'java.lang.Object java.lang.invoke.DirectMethodHandle$Holder.newInvokeSpecial(java.lang.Object, java.lang.Object, java.lang.Object, java.lang.Object, java.lang.Object, java.lang.Object, java.lang.Object, int)'> (0x000000070af4d978) 
thrown [s\src\hotspot\share\interpreter\linkResolver.cpp, line 773]
Event: 4.590 Thread 0x000001d8e33ab5f0 Exception <a 'java/lang/NoSuchMethodError'{0x000000070af51fc8}: 'java.lang.Object java.lang.invoke.DirectMethodHandle$Holder.invokeSpecial(java.lang.Object, java.lang.Object, java.lang.Object, java.lang.Object, java.lang.Object, java.lang.Object, java.lang.Object, java.lang.Object, int)'> (0x000000070af51fc8) 
thrown [s\src\hotspot\share\interpreter\linkResolver.cpp, line 773]
Event: 4.590 Thread 0x000001d8e33ab5f0 Exception <a 'java/lang/NoSuchMethodError'{0x000000070af56000}: 'java.lang.Object java.lang.invoke.Invokers$Holder.linkToTargetMethod(java.lang.Object, java.lang.Object, java.lang.Object, java.lang.Object, java.lang.Object, java.lang.Object, int, java.lang.Object)'> (0x000000070af56000) 
thrown [s\src\hotspot\share\interpreter\linkResolver.cpp, line 773]
Event: 4.614 Thread 0x000001d8e33ab5f0 Exception <a 'java/lang/NoSuchMethodError'{0x000000070ac2b0b8}: 'void java.lang.invoke.DirectMethodHandle$Holder.invokeInterface(java.lang.Object, java.lang.Object)'> (0x000000070ac2b0b8) 
thrown [s\src\hotspot\share\interpreter\linkResolver.cpp, line 773]
Event: 4.723 Thread 0x000001d8e33ab5f0 Exception <a 'java/lang/NoSuchMethodError'{0x000000070abdec68}: 'void java.lang.invoke.Invokers$Holder.invokeExact_MT(java.lang.Object, java.lang.Object, java.lang.Object, java.lang.Object)'> (0x000000070abdec68) 
thrown [s\src\hotspot\share\interpreter\linkResolver.cpp, line 773]
Event: 4.781 Thread 0x000001d8e33ab5f0 Exception <a 'java/lang/IncompatibleClassChangeError'{0x0000000706fad198}: Found class java.lang.Object, but interface was expected> (0x0000000706fad198) 
thrown [s\src\hotspot\share\interpreter\linkResolver.cpp, line 840]
Event: 4.790 Thread 0x000001d8e33ab5f0 Exception <a 'java/lang/IncompatibleClassChangeError'{0x0000000706c2a0b8}: Found class java.lang.Object, but interface was expected> (0x0000000706c2a0b8) 
thrown [s\src\hotspot\share\interpreter\linkResolver.cpp, line 840]
Event: 4.821 Thread 0x000001d8e33ab5f0 Exception <a 'java/lang/IncompatibleClassChangeError'{0x0000000706da00e8}: Found class java.lang.Object, but interface was expected> (0x0000000706da00e8) 
thrown [s\src\hotspot\share\interpreter\linkResolver.cpp, line 840]
Event: 4.923 Thread 0x000001d8e33ab5f0 Exception <a 'java/lang/IncompatibleClassChangeError'{0x00000007067e2740}: Found class java.lang.Object, but interface was expected> (0x00000007067e2740) 
thrown [s\src\hotspot\share\interpreter\linkResolver.cpp, line 840]
Event: 5.036 Thread 0x000001d8e33ab5f0 Exception <a 'java/lang/IncompatibleClassChangeError'{0x0000000705417750}: Found class java.lang.Object, but interface was expected> (0x0000000705417750) 
thrown [s\src\hotspot\share\interpreter\linkResolver.cpp, line 840]
Event: 5.133 Thread 0x000001d8e33ab5f0 Exception <a 'java/lang/NoSuchMethodError'{0x000000070af995b0}: 'java.lang.Object java.lang.invoke.DirectMethodHandle$Holder.newInvokeSpecial(java.lang.Object, java.lang.Object, java.lang.Object, java.lang.Object, java.lang.Object, java.lang.Object, java.lang.Object, java.lang.Object)'> (0x000000070af995b0) 
thrown [s\src\hotspot\share\interpreter\linkResolver.cpp, line 773]
Event: 5.411 Thread 0x000001d8e33ab5f0 Exception <a 'java/lang/IncompatibleClassChangeError'{0x000000070adcaa90}: Found class java.lang.Object, but interface was expected> (0x000000070adcaa90) 
thrown [s\src\hotspot\share\interpreter\linkResolver.cpp, line 840]
Event: 5.607 Thread 0x000001d8e33ab5f0 Exception <a 'java/lang/NoSuchMethodError'{0x00000007068cc820}: 'java.lang.Object java.lang.invoke.DirectMethodHandle$Holder.invokeInterface(java.lang.Object, java.lang.Object, java.lang.Object, java.lang.Object)'> (0x00000007068cc820) 
thrown [s\src\hotspot\share\interpreter\linkResolver.cpp, line 773]
Event: 5.650 Thread 0x000001d8e33ab5f0 Exception <a 'java/lang/NoSuchMethodError'{0x00000007066bef48}: 'void java.lang.invoke.DirectMethodHandle$Holder.invokeVirtual(java.lang.Object, java.lang.Object, long)'> (0x00000007066bef48) 
thrown [s\src\hotspot\share\interpreter\linkResolver.cpp, line 773]
Event: 5.730 Thread 0x000001d8e33ab5f0 Exception <a 'java/lang/IncompatibleClassChangeError'{0x00000007063f1bd8}: Found class java.lang.Object, but interface was expected> (0x00000007063f1bd8) 
thrown [s\src\hotspot\share\interpreter\linkResolver.cpp, line 840]
Event: 5.818 Thread 0x000001d8e33ab5f0 Exception <a 'java/lang/NoSuchMethodError'{0x0000000705d2de38}: 'java.lang.Object java.lang.invoke.DirectMethodHandle$Holder.newInvokeSpecial(java.lang.Object, java.lang.Object, int, java.lang.Object, java.lang.Object)'> (0x0000000705d2de38) 
thrown [s\src\hotspot\share\interpreter\linkResolver.cpp, line 773]
Event: 5.818 Thread 0x000001d8e33ab5f0 Exception <a 'java/lang/NoSuchMethodError'{0x0000000705d39068}: 'java.lang.Object java.lang.invoke.DirectMethodHandle$Holder.invokeSpecial(java.lang.Object, java.lang.Object, int, java.lang.Object, int, java.lang.Object)'> (0x0000000705d39068) 
thrown [s\src\hotspot\share\interpreter\linkResolver.cpp, line 773]
Event: 5.818 Thread 0x000001d8e33ab5f0 Exception <a 'java/lang/NoSuchMethodError'{0x0000000705d40458}: 'java.lang.Object java.lang.invoke.DirectMethodHandle$Holder.newInvokeSpecial(java.lang.Object, java.lang.Object, int, java.lang.Object, int)'> (0x0000000705d40458) 
thrown [s\src\hotspot\share\interpreter\linkResolver.cpp, line 773]
Event: 5.819 Thread 0x000001d8e33ab5f0 Exception <a 'java/lang/NoSuchMethodError'{0x0000000705d44368}: 'java.lang.Object java.lang.invoke.DirectMethodHandle$Holder.invokeSpecial(java.lang.Object, java.lang.Object, java.lang.Object, int, java.lang.Object, int)'> (0x0000000705d44368) 
thrown [s\src\hotspot\share\interpreter\linkResolver.cpp, line 773]

ZGC Phase Switch (0 events):
No events

VM Operations (20 events):
Event: 4.946 Executing VM operation: HandshakeAllThreads (Deoptimize)
Event: 4.946 Executing VM operation: HandshakeAllThreads (Deoptimize) done
Event: 4.946 Executing VM operation: HandshakeAllThreads (Deoptimize)
Event: 4.946 Executing VM operation: HandshakeAllThreads (Deoptimize) done
Event: 5.081 Executing VM operation: G1CollectForAllocation (G1 Evacuation Pause)
Event: 5.086 Executing VM operation: G1CollectForAllocation (G1 Evacuation Pause) done
Event: 5.272 Executing VM operation: HandshakeAllThreads (Deoptimize)
Event: 5.272 Executing VM operation: HandshakeAllThreads (Deoptimize) done
Event: 5.300 Executing VM operation: CollectForMetadataAllocation (Metadata GC Threshold)
Event: 5.305 Executing VM operation: CollectForMetadataAllocation (Metadata GC Threshold) done
Event: 5.310 Executing VM operation: HandshakeAllThreads (Deoptimize)
Event: 5.310 Executing VM operation: HandshakeAllThreads (Deoptimize) done
Event: 5.327 Executing VM operation: G1PauseRemark
Event: 5.330 Executing VM operation: G1PauseRemark done
Event: 5.339 Executing VM operation: G1PauseCleanup
Event: 5.339 Executing VM operation: G1PauseCleanup done
Event: 5.666 Executing VM operation: HandshakeAllThreads (Deoptimize)
Event: 5.666 Executing VM operation: HandshakeAllThreads (Deoptimize) done
Event: 6.678 Executing VM operation: Cleanup
Event: 6.678 Executing VM operation: Cleanup done

Memory protections (0 events):
No events

Nmethod flushes (20 events):
Event: 5.329 Thread 0x000001d8f3b8ffe0 flushing  nmethod 0x000001d8e9941d90
Event: 5.329 Thread 0x000001d8f3b8ffe0 flushing  nmethod 0x000001d8e95ab090
Event: 5.329 Thread 0x000001d8f3b8ffe0 flushing  nmethod 0x000001d8e9869190
Event: 5.329 Thread 0x000001d8f3b8ffe0 flushing  nmethod 0x000001d8e986c210
Event: 5.329 Thread 0x000001d8f3b8ffe0 flushing  nmethod 0x000001d8e9905790
Event: 5.329 Thread 0x000001d8f3b8ffe0 flushing  nmethod 0x000001d8e9a0b090
Event: 5.329 Thread 0x000001d8f3b8ffe0 flushing  nmethod 0x000001d8e9782e90
Event: 5.329 Thread 0x000001d8f3b8ffe0 flushing  nmethod 0x000001d8e9815f90
Event: 5.329 Thread 0x000001d8f3b8ffe0 flushing  nmethod 0x000001d8e9883890
Event: 5.329 Thread 0x000001d8f3b8ffe0 flushing  nmethod 0x000001d8e9886f10
Event: 5.329 Thread 0x000001d8f3b8ffe0 flushing  nmethod 0x000001d8e989c190
Event: 5.329 Thread 0x000001d8f3b8ffe0 flushing  nmethod 0x000001d8e989d590
Event: 5.329 Thread 0x000001d8f3b8ffe0 flushing  nmethod 0x000001d8e98fe210
Event: 5.329 Thread 0x000001d8f3b8ffe0 flushing  nmethod 0x000001d8e92f1a10
Event: 5.329 Thread 0x000001d8f3b8ffe0 flushing  nmethod 0x000001d8e96b5a90
Event: 5.329 Thread 0x000001d8f3b8ffe0 flushing  nmethod 0x000001d8e977e110
Event: 5.329 Thread 0x000001d8f3b8ffe0 flushing  nmethod 0x000001d8e9878d90
Event: 5.329 Thread 0x000001d8f3b8ffe0 flushing  nmethod 0x000001d8e98e6910
Event: 5.329 Thread 0x000001d8f3b8ffe0 flushing  nmethod 0x000001d8e9784490
Event: 5.329 Thread 0x000001d8f3b8ffe0 flushing  nmethod 0x000001d8e9927410

Events (20 events):
Event: 3.548 Thread 0x000001d8e33ab5f0 Thread added: 0x000001d8f9803640
Event: 3.659 Thread 0x000001d8f9803640 Thread added: 0x000001d8f9803cd0
Event: 5.828 Thread 0x000001d8e33ab5f0 Thread added: 0x000001d8f9804360
Event: 5.828 Thread 0x000001d8e33ab5f0 Thread added: 0x000001d8f9805080
Event: 5.828 Thread 0x000001d8e33ab5f0 Thread added: 0x000001d8f8281010
Event: 5.828 Thread 0x000001d8e33ab5f0 Thread added: 0x000001d8f8280980
Event: 5.828 Thread 0x000001d8e33ab5f0 Thread added: 0x000001d8f827e220
Event: 5.828 Thread 0x000001d8e33ab5f0 Thread added: 0x000001d8f827f5d0
Event: 5.828 Thread 0x000001d8e33ab5f0 Thread added: 0x000001d8f827c150
Event: 5.828 Thread 0x000001d8e33ab5f0 Thread added: 0x000001d8f827c7e0
Event: 5.828 Thread 0x000001d8e33ab5f0 Thread added: 0x000001d8f827fc60
Event: 5.828 Thread 0x000001d8e33ab5f0 Thread added: 0x000001d8f82816a0
Event: 5.839 Thread 0x000001d8e33ab5f0 Thread added: 0x000001d8f827ce70
Event: 5.842 Thread 0x000001d8e33ab5f0 Thread added: 0x000001d8f82802f0
Event: 5.858 Thread 0x000001d8e33ab5f0 Thread exited: 0x000001d8e33ab5f0
Event: 5.858 Thread 0x000001d8f82823c0 Thread added: 0x000001d8f82823c0
Event: 9.539 Thread 0x000001d8f9803cd0 Thread exited: 0x000001d8f9803cd0
Event: 10.950 Thread 0x000001d8f81c6a30 Thread exited: 0x000001d8f81c6a30
Event: 10.950 Thread 0x000001d8f81a6380 Thread exited: 0x000001d8f81a6380
Event: 10.951 Thread 0x000001d8f3cd1050 Thread exited: 0x000001d8f3cd1050


Dynamic libraries:
0x00007ff7b7c10000 - 0x00007ff7b7c1e000 	C:\Users\ACER\Downloads\spring-tool-suite-4-4.29.1.RELEASE-e4.35.0-win32.win32.x86_64\sts-4.29.1.RELEASE\plugins\org.eclipse.justj.openjdk.hotspot.jre.full.win32.x86_64_21.0.6.v20250130-0529\jre\bin\javaw.exe
0x00007ffee7970000 - 0x00007ffee7b87000 	C:\Windows\SYSTEM32\ntdll.dll
0x00007ffee68a0000 - 0x00007ffee6964000 	C:\Windows\System32\KERNEL32.DLL
0x00007ffee50d0000 - 0x00007ffee54a0000 	C:\Windows\System32\KERNELBASE.dll
0x00007ffee4c20000 - 0x00007ffee4d31000 	C:\Windows\System32\ucrtbase.dll
0x00007ffeb9f60000 - 0x00007ffeb9f78000 	C:\Users\ACER\Downloads\spring-tool-suite-4-4.29.1.RELEASE-e4.35.0-win32.win32.x86_64\sts-4.29.1.RELEASE\plugins\org.eclipse.justj.openjdk.hotspot.jre.full.win32.x86_64_21.0.6.v20250130-0529\jre\bin\jli.dll
0x00007ffeb6360000 - 0x00007ffeb637e000 	C:\Users\ACER\Downloads\spring-tool-suite-4-4.29.1.RELEASE-e4.35.0-win32.win32.x86_64\sts-4.29.1.RELEASE\plugins\org.eclipse.justj.openjdk.hotspot.jre.full.win32.x86_64_21.0.6.v20250130-0529\jre\bin\VCRUNTIME140.dll
0x00007ffee66f0000 - 0x00007ffee689e000 	C:\Windows\System32\USER32.dll
0x00007ffee4d40000 - 0x00007ffee4d66000 	C:\Windows\System32\win32u.dll
0x00007ffee7820000 - 0x00007ffee7849000 	C:\Windows\System32\GDI32.dll
0x00007ffee5540000 - 0x00007ffee565b000 	C:\Windows\System32\gdi32full.dll
0x00007ffee54a0000 - 0x00007ffee553a000 	C:\Windows\System32\msvcp_win.dll
0x00007ffed5ac0000 - 0x00007ffed5d52000 	C:\Windows\WinSxS\amd64_microsoft.windows.common-controls_6595b64144ccf1df_6.0.22621.4830_none_270fe7d773858e80\COMCTL32.dll
0x00007ffee6490000 - 0x00007ffee6537000 	C:\Windows\System32\msvcrt.dll
0x00007ffee5770000 - 0x00007ffee57a1000 	C:\Windows\System32\IMM32.DLL
0x00007ffecbd50000 - 0x00007ffecbd5c000 	C:\Users\ACER\Downloads\spring-tool-suite-4-4.29.1.RELEASE-e4.35.0-win32.win32.x86_64\sts-4.29.1.RELEASE\plugins\org.eclipse.justj.openjdk.hotspot.jre.full.win32.x86_64_21.0.6.v20250130-0529\jre\bin\vcruntime140_1.dll
0x00007ffe78690000 - 0x00007ffe7871d000 	C:\Users\ACER\Downloads\spring-tool-suite-4-4.29.1.RELEASE-e4.35.0-win32.win32.x86_64\sts-4.29.1.RELEASE\plugins\org.eclipse.justj.openjdk.hotspot.jre.full.win32.x86_64_21.0.6.v20250130-0529\jre\bin\msvcp140.dll
0x00007ffe6ebb0000 - 0x00007ffe6f940000 	C:\Users\ACER\Downloads\spring-tool-suite-4-4.29.1.RELEASE-e4.35.0-win32.win32.x86_64\sts-4.29.1.RELEASE\plugins\org.eclipse.justj.openjdk.hotspot.jre.full.win32.x86_64_21.0.6.v20250130-0529\jre\bin\server\jvm.dll
0x00007ffee7870000 - 0x00007ffee7921000 	C:\Windows\System32\ADVAPI32.dll
0x00007ffee5d80000 - 0x00007ffee5e27000 	C:\Windows\System32\sechost.dll
0x00007ffee4f60000 - 0x00007ffee4f88000 	C:\Windows\System32\bcrypt.dll
0x00007ffee6e20000 - 0x00007ffee6f34000 	C:\Windows\System32\RPCRT4.dll
0x00007ffee6970000 - 0x00007ffee69e1000 	C:\Windows\System32\WS2_32.dll
0x00007ffee3a90000 - 0x00007ffee3add000 	C:\Windows\SYSTEM32\POWRPROF.dll
0x00007ffee0280000 - 0x00007ffee02b4000 	C:\Windows\SYSTEM32\WINMM.dll
0x00007ffee01d0000 - 0x00007ffee01da000 	C:\Windows\SYSTEM32\VERSION.dll
0x00007ffee3a70000 - 0x00007ffee3a83000 	C:\Windows\SYSTEM32\UMPDC.dll
0x00007ffee3d30000 - 0x00007ffee3d48000 	C:\Windows\SYSTEM32\kernel.appcore.dll
0x00007ffed0210000 - 0x00007ffed021a000 	C:\Users\ACER\Downloads\spring-tool-suite-4-4.29.1.RELEASE-e4.35.0-win32.win32.x86_64\sts-4.29.1.RELEASE\plugins\org.eclipse.justj.openjdk.hotspot.jre.full.win32.x86_64_21.0.6.v20250130-0529\jre\bin\jimage.dll
0x00007ffecbe20000 - 0x00007ffecc052000 	C:\Windows\SYSTEM32\DBGHELP.DLL
0x00007ffee57d0000 - 0x00007ffee5b60000 	C:\Windows\System32\combase.dll
0x00007ffee5f30000 - 0x00007ffee6007000 	C:\Windows\System32\OLEAUT32.dll
0x00007ffec8bb0000 - 0x00007ffec8be2000 	C:\Windows\SYSTEM32\dbgcore.DLL
0x00007ffee4f90000 - 0x00007ffee500b000 	C:\Windows\System32\bcryptPrimitives.dll
0x00007ffecf6a0000 - 0x00007ffecf6bf000 	C:\Users\ACER\Downloads\spring-tool-suite-4-4.29.1.RELEASE-e4.35.0-win32.win32.x86_64\sts-4.29.1.RELEASE\plugins\org.eclipse.justj.openjdk.hotspot.jre.full.win32.x86_64_21.0.6.v20250130-0529\jre\bin\java.dll
0x00007ffee6fa0000 - 0x00007ffee7818000 	C:\Windows\System32\SHELL32.dll
0x00007ffee2b30000 - 0x00007ffee3440000 	C:\Windows\SYSTEM32\windows.storage.dll
0x00007ffee29f0000 - 0x00007ffee2b2f000 	C:\Windows\SYSTEM32\wintypes.dll
0x00007ffee6ca0000 - 0x00007ffee6daa000 	C:\Windows\System32\SHCORE.dll
0x00007ffee6c30000 - 0x00007ffee6c8e000 	C:\Windows\System32\shlwapi.dll
0x00007ffee4b50000 - 0x00007ffee4b7b000 	C:\Windows\SYSTEM32\profapi.dll
0x00007ffecee40000 - 0x00007ffecee58000 	C:\Users\ACER\Downloads\spring-tool-suite-4-4.29.1.RELEASE-e4.35.0-win32.win32.x86_64\sts-4.29.1.RELEASE\plugins\org.eclipse.justj.openjdk.hotspot.jre.full.win32.x86_64_21.0.6.v20250130-0529\jre\bin\zip.dll
0x00007ffed0200000 - 0x00007ffed0210000 	C:\Users\ACER\Downloads\spring-tool-suite-4-4.29.1.RELEASE-e4.35.0-win32.win32.x86_64\sts-4.29.1.RELEASE\plugins\org.eclipse.justj.openjdk.hotspot.jre.full.win32.x86_64_21.0.6.v20250130-0529\jre\bin\net.dll
0x00007ffee1ab0000 - 0x00007ffee1bdc000 	C:\Windows\SYSTEM32\WINHTTP.dll
0x00007ffee41d0000 - 0x00007ffee423a000 	C:\Windows\system32\mswsock.dll
0x00007ffec3a30000 - 0x00007ffec3a46000 	C:\Users\ACER\Downloads\spring-tool-suite-4-4.29.1.RELEASE-e4.35.0-win32.win32.x86_64\sts-4.29.1.RELEASE\plugins\org.eclipse.justj.openjdk.hotspot.jre.full.win32.x86_64_21.0.6.v20250130-0529\jre\bin\nio.dll
0x00007ffed5da0000 - 0x00007ffed5daa000 	C:\Users\ACER\Downloads\spring-tool-suite-4-4.29.1.RELEASE-e4.35.0-win32.win32.x86_64\sts-4.29.1.RELEASE\plugins\org.eclipse.justj.openjdk.hotspot.jre.full.win32.x86_64_21.0.6.v20250130-0529\jre\bin\management.dll
0x00007ffed5d90000 - 0x00007ffed5d9b000 	C:\Users\ACER\Downloads\spring-tool-suite-4-4.29.1.RELEASE-e4.35.0-win32.win32.x86_64\sts-4.29.1.RELEASE\plugins\org.eclipse.justj.openjdk.hotspot.jre.full.win32.x86_64_21.0.6.v20250130-0529\jre\bin\management_ext.dll
0x00007ffee6f40000 - 0x00007ffee6f48000 	C:\Windows\System32\PSAPI.DLL
0x00007ffec2110000 - 0x00007ffec2127000 	C:\Windows\system32\napinsp.dll
0x00007ffec20f0000 - 0x00007ffec210b000 	C:\Windows\system32\pnrpnsp.dll
0x00007ffee3740000 - 0x00007ffee3842000 	C:\Windows\SYSTEM32\DNSAPI.dll
0x00007ffee3710000 - 0x00007ffee373d000 	C:\Windows\SYSTEM32\IPHLPAPI.DLL
0x00007ffee5e30000 - 0x00007ffee5e39000 	C:\Windows\System32\NSI.dll
0x00007ffec1c40000 - 0x00007ffec1c51000 	C:\Windows\System32\winrnr.dll
0x00007ffec1bf0000 - 0x00007ffec1c05000 	C:\Windows\system32\wshbth.dll
0x00007ffec1ba0000 - 0x00007ffec1bc7000 	C:\Windows\system32\nlansp_c.dll
0x00007ffee01c0000 - 0x00007ffee01ca000 	C:\Windows\System32\rasadhlp.dll
0x00007ffedfc10000 - 0x00007ffedfc93000 	C:\Windows\System32\fwpuclnt.dll
0x00007ffee4420000 - 0x00007ffee443b000 	C:\Windows\SYSTEM32\CRYPTSP.dll
0x00007ffee3c90000 - 0x00007ffee3cc5000 	C:\Windows\system32\rsaenh.dll
0x00007ffee42c0000 - 0x00007ffee42e8000 	C:\Windows\SYSTEM32\USERENV.dll
0x00007ffee4440000 - 0x00007ffee444c000 	C:\Windows\SYSTEM32\CRYPTBASE.dll
0x00007ffed5740000 - 0x00007ffed5749000 	C:\Users\ACER\Downloads\spring-tool-suite-4-4.29.1.RELEASE-e4.35.0-win32.win32.x86_64\sts-4.29.1.RELEASE\plugins\org.eclipse.justj.openjdk.hotspot.jre.full.win32.x86_64_21.0.6.v20250130-0529\jre\bin\extnet.dll
0x00007ffecf560000 - 0x00007ffecf56e000 	C:\Users\ACER\Downloads\spring-tool-suite-4-4.29.1.RELEASE-e4.35.0-win32.win32.x86_64\sts-4.29.1.RELEASE\plugins\org.eclipse.justj.openjdk.hotspot.jre.full.win32.x86_64_21.0.6.v20250130-0529\jre\bin\sunmscapi.dll
0x00007ffee4d70000 - 0x00007ffee4ed6000 	C:\Windows\System32\CRYPT32.dll
0x00007ffee45e0000 - 0x00007ffee460d000 	C:\Windows\SYSTEM32\ncrypt.dll
0x00007ffee45a0000 - 0x00007ffee45d7000 	C:\Windows\SYSTEM32\NTASN1.dll
0x00007ffecf570000 - 0x00007ffecf580000 	C:\Users\ACER\Downloads\spring-tool-suite-4-4.29.1.RELEASE-e4.35.0-win32.win32.x86_64\sts-4.29.1.RELEASE\plugins\org.eclipse.justj.openjdk.hotspot.jre.full.win32.x86_64_21.0.6.v20250130-0529\jre\bin\verify.dll
0x00007ffe83170000 - 0x00007ffe83178000 	C:\Windows\system32\wshunix.dll

dbghelp: loaded successfully - version: 4.0.5 - missing functions: none
symbol engine: initialized successfully - sym options: 0x614 - pdb path: .;C:\Users\ACER\Downloads\spring-tool-suite-4-4.29.1.RELEASE-e4.35.0-win32.win32.x86_64\sts-4.29.1.RELEASE\plugins\org.eclipse.justj.openjdk.hotspot.jre.full.win32.x86_64_21.0.6.v20250130-0529\jre\bin;C:\Windows\SYSTEM32;C:\Windows\WinSxS\amd64_microsoft.windows.common-controls_6595b64144ccf1df_6.0.22621.4830_none_270fe7d773858e80;C:\Users\ACER\Downloads\spring-tool-suite-4-4.29.1.RELEASE-e4.35.0-win32.win32.x86_64\sts-4.29.1.RELEASE\plugins\org.eclipse.justj.openjdk.hotspot.jre.full.win32.x86_64_21.0.6.v20250130-0529\jre\bin\server

VM Arguments:
jvm_args: -Dcom.sun.management.jmxremote -Dcom.sun.management.jmxremote.port=57779 -Dcom.sun.management.jmxremote.authenticate=false -Dcom.sun.management.jmxremote.ssl=false -Djava.rmi.server.hostname=localhost -Dspring.jmx.enabled=true -Dmanagement.endpoints.jmx.exposure.include=* -Dspring.application.admin.enabled=true -Dspring.output.ansi.enabled=always -XX:TieredStopAtLevel=1 -Dspring.boot.project.name=demo-1 -Dfile.encoding=UTF-8 -Dstdout.encoding=UTF-8 -Dstderr.encoding=UTF-8 -XX:+ShowCodeDetailsInExceptionMessages 
java_command: com.jhms.Demo1Application
java_class_path (initial): C:\Users\ACER\OneDrive\Desktop\std\demo-1\demo-1\target\classes;C:\Users\ACER\.m2\repository\org\springframework\boot\spring-boot-starter-web\3.2.3\spring-boot-starter-web-3.2.3.jar;C:\Users\ACER\.m2\repository\org\springframework\boot\spring-boot-starter\3.2.3\spring-boot-starter-3.2.3.jar;C:\Users\ACER\.m2\repository\org\springframework\boot\spring-boot\3.2.3\spring-boot-3.2.3.jar;C:\Users\ACER\.m2\repository\org\springframework\boot\spring-boot-autoconfigure\3.2.3\spring-boot-autoconfigure-3.2.3.jar;C:\Users\ACER\.m2\repository\org\springframework\boot\spring-boot-starter-logging\3.2.3\spring-boot-starter-logging-3.2.3.jar;C:\Users\ACER\.m2\repository\org\apache\logging\log4j\log4j-to-slf4j\2.21.1\log4j-to-slf4j-2.21.1.jar;C:\Users\ACER\.m2\repository\org\apache\logging\log4j\log4j-api\2.21.1\log4j-api-2.21.1.jar;C:\Users\ACER\.m2\repository\org\slf4j\jul-to-slf4j\2.0.12\jul-to-slf4j-2.0.12.jar;C:\Users\ACER\.m2\repository\jakarta\annotation\jakarta.annotation-api\2.1.1\jakarta.annotation-api-2.1.1.jar;C:\Users\ACER\.m2\repository\org\yaml\snakeyaml\2.2\snakeyaml-2.2.jar;C:\Users\ACER\.m2\repository\org\springframework\boot\spring-boot-starter-json\3.2.3\spring-boot-starter-json-3.2.3.jar;C:\Users\ACER\.m2\repository\com\fasterxml\jackson\datatype\jackson-datatype-jdk8\2.15.4\jackson-datatype-jdk8-2.15.4.jar;C:\Users\ACER\.m2\repository\com\fasterxml\jackson\datatype\jackson-datatype-jsr310\2.15.4\jackson-datatype-jsr310-2.15.4.jar;C:\Users\ACER\.m2\repository\com\fasterxml\jackson\module\jackson-module-parameter-names\2.15.4\jackson-module-parameter-names-2.15.4.jar;C:\Users\ACER\.m2\repository\org\springframework\boot\spring-boot-starter-tomcat\3.2.3\spring-boot-starter-tomcat-3.2.3.jar;C:\Users\ACER\.m2\repository\org\apache\tomcat\embed\tomcat-embed-core\10.1.19\tomcat-embed-core-10.1.19.jar;C:\Users\ACER\.m2\repository\org\apache\tomcat\embed\tomcat-embed-websocket\10.1.19\tomcat-embed-websocket-10.1.19.jar;C:\Users\ACER\.m2\repository\org\springframework\spring-web\6.1.4\spring-web-6.1.4.jar;C:\Users\ACER\.m2\repository\org\springframework\spring-beans\6.1.4\spring-beans-6.1.4.jar;C:\Users\ACER\.m2\repository\io\micrometer\micrometer-observation\1.12.3\micrometer-observation-1.12.3.jar;C:\Users\ACER\.m2\repository\io\micrometer\micrometer-commons\1.12.3\micrometer-commons-1.12.3.jar;C:\Users\ACER\.m2\repository\org\springframework\spring-webmvc\6.1.4\spring-webmvc-6.1.4.jar;C:\Users\ACER\.m2\repository\org\springframework\spring-context\6.1.4\spring-context-6.1.4.jar;C:\Users\ACER\.m2\repository\org\springframework\spring-expression\6.1.4\spring-expression-6.1.4.jar;C:\Users\ACER\.m2\repository\org\springframework\boot\spring-boot-starter-data-jpa\3.2.3\spring-boot-starter-data-jpa-3.2.3.jar;C:\Users\ACER\.m2\repository\org\springframework\boot\spring-boot-starter-aop\3.2.3\spring-boot-starter-aop-3.2.3.jar;C:\Users\ACER\.m2\repository\org\aspectj\aspectjweaver\1.9.21\aspectjweaver-1.9.21.jar;C:\Users\ACER\.m2\repository\org\springframework\boot\spring-boot-starter-jdbc\3.2.3\spring-boot-starter-jdbc-3.2.3.jar;C:\Users\ACER\.m2\repository\com\zaxxer\HikariCP\5.0.1\HikariCP-5.0.1.jar;C:\Users\ACER\.m2\repository\org\springframework\spring-jdbc\6.1.4\spring-jdbc-6.1.4.jar;C:\Users\ACER\.m2\repository\org\hibernate\orm\hibernate-core\6.4.4.Final\hibernate-core-6.4.4.Final.jar;C:\Users\ACER\.m2\repository\jakarta\persistence\jakarta.persistence-api\3.1.0\jakarta.persistence-api-3.1.0.jar;C:\Users\ACER\.m2\repository\jakarta\transaction\jakarta.transaction-api\2.0.1\jakarta.transaction-api-2.0.1.jar;C:\Users\ACER\.m2\repository\org\jboss\logging\jboss-logging\3.5.3.Final\jboss-logging-3.5.3.Final.jar;C:\Users\ACER\.m2\repository\org\hibernate\common\hibernate-commons-annotations\6.0.6.Final\hibernate-commons-annotations-6.0.6.Final.jar;C:\Users\ACER\.m2\repository\io\smallrye\jandex\3.1.2\jandex-3.1.2.jar;C:\Users\ACER\.m2\repository\com\fasterxml\classmate\1.6.0\classmate-1.6.0.jar;C:\Users\ACER\.m2\repository\net\bytebuddy\byte-buddy\1.14.12\byte-buddy-1.14.12.jar;C:\Users\ACER\.m2\repository\org\glassfish\jaxb\jaxb-runtime\4.0.4\jaxb-runtime-4.0.4.jar;C:\Users\ACER\.m2\repository\org\glassfish\jaxb\jaxb-core\4.0.4\jaxb-core-4.0.4.jar;C:\Users\ACER\.m2\repository\org\eclipse\angus\angus-activation\2.0.1\angus-activation-2.0.1.jar;C:\Users\ACER\.m2\repository\org\glassfish\jaxb\txw2\4.0.4\txw2-4.0.4.jar;C:\Users\ACER\.m2\repository\com\sun\istack\istack-commons-runtime\4.1.2\istack-commons-runtime-4.1.2.jar;C:\Users\ACER\.m2\repository\jakarta\inject\jakarta.inject-api\2.0.1\jakarta.inject-api-2.0.1.jar;C:\Users\ACER\.m2\repository\org\antlr\antlr4-runtime\4.13.0\antlr4-runtime-4.13.0.jar;C:\Users\ACER\.m2\repository\org\springframework\data\spring-data-jpa\3.2.3\spring-data-jpa-3.2.3.jar;C:\Users\ACER\.m2\repository\org\springframework\data\spring-data-commons\3.2.3\spring-data-commons-3.2.3.jar;C:\Users\ACER\.m2\repository\org\springframework\spring-orm\6.1.4\spring-orm-6.1.4.jar;C:\Users\ACER\.m2\repository\org\springframework\spring-tx\6.1.4\spring-tx-6.1.4.jar;C:\Users\ACER\.m2\repository\org\springframework\spring-aspects\6.1.4\spring-aspects-6.1.4.jar;C:\Users\ACER\.m2\repository\org\springframework\boot\spring-boot-starter-security\3.2.3\spring-boot-starter-security-3.2.3.jar;C:\Users\ACER\.m2\repository\org\springframework\spring-aop\6.1.4\spring-aop-6.1.4.jar;C:\Users\ACER\.m2\repository\org\springframework\security\spring-security-config\6.2.2\spring-security-config-6.2.2.jar;C:\Users\ACER\.m2\repository\org\springframework\security\spring-security-core\6.2.2\spring-security-core-6.2.2.jar;C:\Users\ACER\.m2\repository\org\springframework\security\spring-security-crypto\6.2.2\spring-security-crypto-6.2.2.jar;C:\Users\ACER\.m2\repository\org\springframework\security\spring-security-web\6.2.2\spring-security-web-6.2.2.jar;C:\Users\ACER\.m2\repository\org\postgresql\postgresql\42.6.1\postgresql-42.6.1.jar;C:\Users\ACER\.m2\repository\org\checkerframework\checker-qual\3.31.0\checker-qual-3.31.0.jar;C:\Users\ACER\.m2\repository\io\jsonwebtoken\jjwt-api\0.11.5\jjwt-api-0.11.5.jar;C:\Users\ACER\.m2\repository\io\jsonwebtoken\jjwt-impl\0.11.5\jjwt-impl-0.11.5.jar;C:\Users\ACER\.m2\repository\io\jsonwebtoken\jjwt-jackson\0.11.5\jjwt-jackson-0.11.5.jar;C:\Users\ACER\.m2\repository\com\fasterxml\jackson\core\jackson-databind\2.15.4\jackson-databind-2.15.4.jar;C:\Users\ACER\.m2\repository\com\fasterxml\jackson\core\jackson-annotations\2.15.4\jackson-annotations-2.15.4.jar;C:\Users\ACER\.m2\repository\com\fasterxml\jackson\core\jackson-core\2.15.4\jackson-core-2.15.4.jar;C:\Users\ACER\.m2\repository\org\springframework\boot\spring-boot-starter-validation\3.2.3\spring-boot-starter-validation-3.2.3.jar;C:\Users\ACER\.m2\repository\org\apache\tomcat\embed\tomcat-embed-el\10.1.19\tomcat-embed-el-10.1.19.jar;C:\Users\ACER\.m2\repository\org\hibernate\validator\hibernate-validator\8.0.1.Final\hibernate-validator-8.0.1.Final.jar;C:\Users\ACER\.m2\repository\jakarta\validation\jakarta.validation-api\3.0.2\jakarta.validation-api-3.0.2.jar;C:\Users\ACER\.m2\repository\org\projectlombok\lombok\1.18.30\lombok-1.18.30.jar;C:\Users\ACER\.m2\repository\jakarta\xml\bind\jakarta.xml.bind-api\4.0.1\jakarta.xml.bind-api-4.0.1.jar;C:\Users\ACER\.m2\repository\jakarta\activation\jakarta.activation-api\2.1.2\jakarta.activation-api-2.1.2.jar;C:\Users\ACER\.m2\repository\org\springframework\spring-core\6.1.4\spring-core-6.1.4.jar;C:\Users\ACER\.m2\repository\org\springframework\spring-jcl\6.1.4\spring-jcl-6.1.4.jar;C:\Users\ACER\.m2\repository\org\slf4j\slf4j-api\2.0.12\slf4j-api-2.0.12.jar;C:\Users\ACER\.m2\repository\ch\qos\logback\logback-classic\1.4.14\logback-classic-1.4.14.jar;C:\Users\ACER\.m2\repository\ch\qos\logback\logback-core\1.4.14\logback-core-1.4.14.jar
Launcher Type: SUN_STANDARD

[Global flags]
     intx CICompilerCount                          = 4                                         {product} {ergonomic}
     uint ConcGCThreads                            = 2                                         {product} {ergonomic}
     uint G1ConcRefinementThreads                  = 8                                         {product} {ergonomic}
   size_t G1HeapRegionSize                         = 2097152                                   {product} {ergonomic}
    uintx GCDrainStackTargetSize                   = 64                                        {product} {ergonomic}
   size_t InitialHeapSize                          = 266338304                                 {product} {ergonomic}
     bool ManagementServer                         = true                                      {product} {command line}
   size_t MarkStackSize                            = 4194304                                   {product} {ergonomic}
   size_t MaxHeapSize                              = 4238344192                                {product} {ergonomic}
   size_t MaxNewSize                               = 2541748224                                {product} {ergonomic}
   size_t MinHeapDeltaBytes                        = 2097152                                   {product} {ergonomic}
   size_t MinHeapSize                              = 8388608                                   {product} {ergonomic}
    uintx NonNMethodCodeHeapSize                   = 4096                                   {pd product} {ergonomic}
    uintx NonProfiledCodeHeapSize                  = 0                                      {pd product} {ergonomic}
     bool ProfileInterpreter                       = false                                  {pd product} {command line}
    uintx ProfiledCodeHeapSize                     = 0                                      {pd product} {ergonomic}
     bool ShowCodeDetailsInExceptionMessages       = true                                   {manageable} {command line}
   size_t SoftMaxHeapSize                          = 4238344192                             {manageable} {ergonomic}
     intx TieredStopAtLevel                        = 1                                         {product} {command line}
     bool UseCompressedOops                        = true                           {product lp64_product} {ergonomic}
     bool UseG1GC                                  = true                                      {product} {ergonomic}
     bool UseLargePagesIndividualAllocation        = false                                  {pd product} {ergonomic}

Logging:
Log output configuration:
 #0: stdout all=warning uptime,level,tags foldmultilines=false
 #1: stderr all=off uptime,level,tags foldmultilines=false

Environment Variables:
PATH=C:/Users/ACER/Downloads/spring-tool-suite-4-4.29.1.RELEASE-e4.35.0-win32.win32.x86_64/sts-4.29.1.RELEASE//plugins/org.eclipse.justj.openjdk.hotspot.jre.full.win32.x86_64_21.0.6.v20250130-0529/jre/bin/server;C:/Users/ACER/Downloads/spring-tool-suite-4-4.29.1.RELEASE-e4.35.0-win32.win32.x86_64/sts-4.29.1.RELEASE//plugins/org.eclipse.justj.openjdk.hotspot.jre.full.win32.x86_64_21.0.6.v20250130-0529/jre/bin;C:\Program Files\Python312\Scripts\;C:\Program Files\Python312\;C:\Program Files\Common Files\Oracle\Java\javapath;C:\Windows\system32;C:\Windows;C:\Windows\System32\Wbem;C:\Windows\System32\WindowsPowerShell\v1.0\;C:\Windows\System32\OpenSSH\;C:\Program Files\Java\jdk-21\bin;C:\Program Files\nodejs\;C:\MinGW\bin;C:\Program Files\MySQL\MySQL Server 8.0\bin;C:\php;C:\ProgramData\ComposerSetup\bin;C:\Program Files\NASM;C:\Program Files\dotnet\;C:\Apache2\bin;C:\Program Files\Git\cmd;C:\Program Files\MongoDB\Server\7.0\bin;C:\ffmpeg\bin;C:\Program Files\MySQL\MySQL Shell 8.0\bin\;C:\Users\ACER\AppData\Local\Microsoft\WindowsApps;C:\Users\ACER\AppData\Local\Programs\Microsoft VS Code\bin;C:\Program Files\nodejs\;C:\Users\ACER\AppData\Roaming\npm;C:\MinGW\bin;C:\Program Files\Java\jdk-21\bin;C:\php;C:\Users\ACER\AppData\Roaming\Composer\vendor\bin;C:\Program Files\MongoDB\Server\7.0\bin;C:\Users\ACER\AppData\Local\Programs\mongosh\;C:\Program Files\NASM;C:\Users\ACER\.dotnet\tools;C:\Apache2\bin;C:\ffmpeg\bin;;C:\Users\ACER\Downloads\spring-tool-suite-4-4.29.1.RELEASE-e4.35.0-win32.win32.x86_64\sts-4.29.1.RELEASE;
USERNAME=ACER
OS=Windows_NT
PROCESSOR_IDENTIFIER=Intel64 Family 6 Model 140 Stepping 2, GenuineIntel
TMP=C:\Users\ACER\AppData\Local\Temp
TEMP=C:\Users\ACER\AppData\Local\Temp




Periodic native trim disabled

---------------  S Y S T E M  ---------------

OS:
 Windows 11 , 64 bit Build 22621 (10.0.22621.4830)
OS uptime: 0 days 7:05 hours
Hyper-V role detected

CPU: total 8 (initial active 8) (4 cores per cpu, 2 threads per core) family 6 model 140 stepping 2 microcode 0x28, cx8, cmov, fxsr, ht, mmx, 3dnowpref, sse, sse2, sse3, ssse3, sse4.1, sse4.2, popcnt, lzcnt, tsc, tscinvbit, avx, avx2, aes, erms, clmul, bmi1, bmi2, adx, avx512f, avx512dq, avx512cd, avx512bw, avx512vl, sha, fma, vzeroupper, avx512_vpopcntdq, avx512_vpclmulqdq, avx512_vaes, avx512_vnni, clflush, clflushopt, clwb, avx512_vbmi2, avx512_vbmi, hv, rdtscp, rdpid, fsrm, gfni, avx512_bitalg, f16c, cet_ibt, cet_ss, avx512_ifma
Processor Information for processor 0
  Max Mhz: 2496, Current Mhz: 1198, Mhz Limit: 2496
Processor Information for processor 1
  Max Mhz: 2496, Current Mhz: 1198, Mhz Limit: 2496
Processor Information for processor 2
  Max Mhz: 2496, Current Mhz: 2496, Mhz Limit: 2496
Processor Information for processor 3
  Max Mhz: 2496, Current Mhz: 2496, Mhz Limit: 2496
Processor Information for processor 4
  Max Mhz: 2496, Current Mhz: 2496, Mhz Limit: 2496
Processor Information for processor 5
  Max Mhz: 2496, Current Mhz: 2496, Mhz Limit: 2496
Processor Information for processor 6
  Max Mhz: 2496, Current Mhz: 2496, Mhz Limit: 2496
Processor Information for processor 7
  Max Mhz: 2496, Current Mhz: 2496, Mhz Limit: 2496

Memory: 4k page, system-wide physical 16163M (3627M free)
TotalPageFile size 16163M (AvailPageFile size 269M)
current process WorkingSet (physical memory assigned to process): 221M, peak: 221M
current process commit charge ("private bytes"): 255M, peak: 376M

vm_info: OpenJDK 64-Bit Server VM (21.0.6+7-LTS) for windows-amd64 JRE (21.0.6+7-LTS), built on 2025-01-21T00:00:00Z by "admin" with MS VC++ 17.7 (VS2022)

END.
